<?xml version="1.0" encoding="UTF-8"?>
<!-- Generated by org.testng.reporters.JUnitReportReporter -->
<testsuite hostname="WACPT009" failures="0" tests="4" name="Test_Cases.TestCase1" time="8.856" errors="0" timestamp="2021-02-24T18:15:46 SAST" skipped="0">
  <testcase classname="Test_Cases.TestCase1" name="TestCaseV1" time="8.018"/>
  <system-out/>
  <testcase classname="Test_Cases.TestCase1" name="TestCase2" time="0.838"/>
  <system-out/>
  <testcase classname="Test_Cases.TestCase1" name="TestCase3" time="0.000"/>
  <system-out/>
  <testcase classname="Test_Cases.TestCase1" name="test_chooseCategory" time="0.000"/>
  <system-out/>
</testsuite> <!-- Test_Cases.TestCase1 -->
